<?xml version="1.0" encoding="UTF-8"?>
<!-- Generated by org.testng.reporters.JUnitXMLReporter -->
<testsuite hostname="admin-PC" ignored="0" name="Default test" tests="3" failures="0" timestamp="21 Apr 2020 08:57:30 GMT" time="151.005" errors="0">
  <testcase name="FBLoginTest" time="41.786" classname="dataproviderTest.TestFBLoginPage"/>
  <testcase name="FBLoginTest" time="7.381" classname="dataproviderTest.TestFBLoginPage"/>
  <testcase name="FBLoginTest" time="12.649" classname="dataproviderTest.TestFBLoginPage"/>
</testsuite> <!-- Default test -->
